<?xml version="1.0" encoding="UTF-8"?>
<!-- Generated by org.testng.reporters.JUnitReportReporter -->
<testsuite hostname="DESKTOP-1Q2HL88" failures="0" tests="2" name="TestRunner.CucumberTestRunnerTags" time="0.071" errors="0" timestamp="2024-07-24T01:40:48 IST" skipped="0">
  <testcase classname="TestRunner.CucumberTestRunnerTags" name="runScenario" time="0.006"/>
  <testcase classname="TestRunner.CucumberTestRunnerTags" name="runScenario" time="0.065"/>
</testsuite> <!-- TestRunner.CucumberTestRunnerTags -->
